<?xml version="1.0" encoding="UTF-8"?>
<!-- Generated by org.testng.reporters.JUnitXMLReporter -->
<testsuite ignored="5" hostname="JumbeHome-PC" failures="0" tests="1" name="Default test" time="33.701" errors="0" timestamp="2022-08-11T22:41:29 BST">
  <testcase classname="stewartjumbe.Appium.AppiumBasics" name="miscellanousAppiumActions" time="11.033"/>
  <testcase classname="stewartjumbe.Appium.AppiumBasics" name="dragDropTest" time="0.0">
    <ignored/>
  </testcase> <!-- dragDropTest -->
  <testcase classname="stewartjumbe.Appium.AppiumBasics" name="WifiSettingsNameTest" time="0.0">
    <ignored/>
  </testcase> <!-- WifiSettingsNameTest -->
  <testcase classname="stewartjumbe.Appium.AppiumBasics" name="longPressGestureTest" time="0.0">
    <ignored/>
  </testcase> <!-- longPressGestureTest -->
  <testcase classname="stewartjumbe.Appium.AppiumBasics" name="scrollTest" time="0.0">
    <ignored/>
  </testcase> <!-- scrollTest -->
  <testcase classname="stewartjumbe.Appium.AppiumBasics" name="swipeTest" time="0.0">
    <ignored/>
  </testcase> <!-- swipeTest -->
</testsuite> <!-- Default test -->
