<?xml version="1.0" encoding="UTF-8"?>
<testng-results ignored="2" total="3" passed="0" failed="1" skipped="0">
  <reporter-output>
  </reporter-output>
  <suite started-at="2022-08-09T17:29:36 BST" name="Default suite" finished-at="2022-08-09T17:29:55 BST" duration-ms="18222">
    <groups>
    </groups>
    <test started-at="2022-08-09T17:29:36 BST" name="Default test" finished-at="2022-08-09T17:29:55 BST" duration-ms="18222">
      <class name="stewartjumbe.Appium.AppiumBasics">
        <test-method is-config="true" signature="configureAppium()[pri:0, instance:stewartjumbe.Appium.AppiumBasics@5f8edcc5]" started-at="2022-08-09T17:29:36 BST" name="configureAppium" finished-at="2022-08-09T17:29:46 BST" duration-ms="9763" status="PASS">
          <reporter-output>
          </reporter-output>
        </test-method> <!-- configureAppium -->
        <test-method signature="scrollExample()[pri:0, instance:stewartjumbe.Appium.AppiumBasics@5f8edcc5]" started-at="2022-08-09T17:29:46 BST" name="scrollExample" finished-at="2022-08-09T17:29:54 BST" duration-ms="7912" status="FAIL">
          <exception class="org.openqa.selenium.NoSuchElementException">
            <message>
              <![CDATA[An element could not be located on the page using the given search parameters.
For documentation on this error, please visit: https://selenium.dev/exceptions/#no_such_element
Build info: version: '4.3.0', revision: 'a4995e2c09*'
System info: host: 'JUMBEHOME-PC', ip: '192.168.56.1', os.name: 'Windows 10', os.arch: 'amd64', os.version: '10.0', java.version: '17'
Driver info: io.appium.java_client.android.AndroidDriver
Command: [f6eacc8a-9f34-4097-ad10-81af101adea7, findElement {using=-android uiautomator, value=new UiScrollable(new UiSelector()).scrollIntoView(text("Webview"));}]
Capabilities {appium:app: \Users\Jumbe Home\Documents..., appium:appPackage: io.appium.android.apis, appium:automationName: UIAutomator2, appium:databaseEnabled: false, appium:desired: {app: \Users\Jumbe Home\Documents..., automationName: UIAutomator2, deviceName: Pixel_4_XL_API_31, platformName: android}, appium:deviceApiLevel: 31, appium:deviceManufacturer: Google, appium:deviceModel: sdk_gphone64_x86_64, appium:deviceName: emulator-5554, appium:deviceScreenDensity: 560, appium:deviceScreenSize: 1440x3040, appium:deviceUDID: emulator-5554, appium:javascriptEnabled: true, appium:locationContextEnabled: false, appium:networkConnectionEnabled: true, appium:pixelRatio: 3.5, appium:platformVersion: 12, appium:statBarHeight: 84, appium:takesScreenshot: true, appium:viewportRect: {height: 2788, left: 0, top: 84, width: 1440}, appium:warnings: {}, appium:webStorageEnabled: false, platformName: ANDROID}
Session ID: f6eacc8a-9f34-4097-ad10-81af101adea7]]>
            </message>
            <full-stacktrace>
              <![CDATA[org.openqa.selenium.NoSuchElementException: An element could not be located on the page using the given search parameters.
For documentation on this error, please visit: https://selenium.dev/exceptions/#no_such_element
Build info: version: '4.3.0', revision: 'a4995e2c09*'
System info: host: 'JUMBEHOME-PC', ip: '192.168.56.1', os.name: 'Windows 10', os.arch: 'amd64', os.version: '10.0', java.version: '17'
Driver info: io.appium.java_client.android.AndroidDriver
Command: [f6eacc8a-9f34-4097-ad10-81af101adea7, findElement {using=-android uiautomator, value=new UiScrollable(new UiSelector()).scrollIntoView(text("Webview"));}]
Capabilities {appium:app: \Users\Jumbe Home\Documents..., appium:appPackage: io.appium.android.apis, appium:automationName: UIAutomator2, appium:databaseEnabled: false, appium:desired: {app: \Users\Jumbe Home\Documents..., automationName: UIAutomator2, deviceName: Pixel_4_XL_API_31, platformName: android}, appium:deviceApiLevel: 31, appium:deviceManufacturer: Google, appium:deviceModel: sdk_gphone64_x86_64, appium:deviceName: emulator-5554, appium:deviceScreenDensity: 560, appium:deviceScreenSize: 1440x3040, appium:deviceUDID: emulator-5554, appium:javascriptEnabled: true, appium:locationContextEnabled: false, appium:networkConnectionEnabled: true, appium:pixelRatio: 3.5, appium:platformVersion: 12, appium:statBarHeight: 84, appium:takesScreenshot: true, appium:viewportRect: {height: 2788, left: 0, top: 84, width: 1440}, appium:warnings: {}, appium:webStorageEnabled: false, platformName: ANDROID}
Session ID: f6eacc8a-9f34-4097-ad10-81af101adea7
at java.base/jdk.internal.reflect.NativeConstructorAccessorImpl.newInstance0(Native Method)
at java.base/jdk.internal.reflect.NativeConstructorAccessorImpl.newInstance(NativeConstructorAccessorImpl.java:77)
at java.base/jdk.internal.reflect.DelegatingConstructorAccessorImpl.newInstance(DelegatingConstructorAccessorImpl.java:45)
at java.base/java.lang.reflect.Constructor.newInstanceWithCaller(Constructor.java:499)
at java.base/java.lang.reflect.Constructor.newInstance(Constructor.java:480)
at org.openqa.selenium.remote.codec.w3c.W3CHttpResponseCodec.createException(W3CHttpResponseCodec.java:200)
at org.openqa.selenium.remote.codec.w3c.W3CHttpResponseCodec.decode(W3CHttpResponseCodec.java:133)
at org.openqa.selenium.remote.codec.w3c.W3CHttpResponseCodec.decode(W3CHttpResponseCodec.java:53)
at org.openqa.selenium.remote.HttpCommandExecutor.execute(HttpCommandExecutor.java:184)
at io.appium.java_client.remote.AppiumCommandExecutor.execute(AppiumCommandExecutor.java:180)
at org.openqa.selenium.remote.RemoteWebDriver.execute(RemoteWebDriver.java:569)
at org.openqa.selenium.remote.ElementLocation$ElementFinder$2.findElement(ElementLocation.java:162)
at org.openqa.selenium.remote.ElementLocation.findElement(ElementLocation.java:66)
at org.openqa.selenium.remote.RemoteWebDriver.findElement(RemoteWebDriver.java:387)
at org.openqa.selenium.remote.RemoteWebDriver.findElement(RemoteWebDriver.java:379)
at stewartjumbe.Appium.AppiumBasics.scollToText(AppiumBasics.java:127)
at stewartjumbe.Appium.AppiumBasics.scrollExample(AppiumBasics.java:101)
at java.base/jdk.internal.reflect.NativeMethodAccessorImpl.invoke0(Native Method)
at java.base/jdk.internal.reflect.NativeMethodAccessorImpl.invoke(NativeMethodAccessorImpl.java:77)
at java.base/jdk.internal.reflect.DelegatingMethodAccessorImpl.invoke(DelegatingMethodAccessorImpl.java:43)
at java.base/java.lang.reflect.Method.invoke(Method.java:568)
at org.testng.internal.invokers.MethodInvocationHelper.invokeMethod(MethodInvocationHelper.java:139)
at org.testng.internal.invokers.TestInvoker.invokeMethod(TestInvoker.java:677)
at org.testng.internal.invokers.TestInvoker.invokeTestMethod(TestInvoker.java:221)
at org.testng.internal.invokers.MethodRunner.runInSequence(MethodRunner.java:50)
at org.testng.internal.invokers.TestInvoker$MethodInvocationAgent.invoke(TestInvoker.java:962)
at org.testng.internal.invokers.TestInvoker.invokeTestMethods(TestInvoker.java:194)
at org.testng.internal.invokers.TestMethodWorker.invokeTestMethods(TestMethodWorker.java:148)
at org.testng.internal.invokers.TestMethodWorker.run(TestMethodWorker.java:128)
at java.base/java.util.ArrayList.forEach(ArrayList.java:1511)
at org.testng.TestRunner.privateRun(TestRunner.java:806)
at org.testng.TestRunner.run(TestRunner.java:601)
at org.testng.SuiteRunner.runTest(SuiteRunner.java:433)
at org.testng.SuiteRunner.runSequentially(SuiteRunner.java:427)
at org.testng.SuiteRunner.privateRun(SuiteRunner.java:387)
at org.testng.SuiteRunner.run(SuiteRunner.java:330)
at org.testng.SuiteRunnerWorker.runSuite(SuiteRunnerWorker.java:52)
at org.testng.SuiteRunnerWorker.run(SuiteRunnerWorker.java:95)
at org.testng.TestNG.runSuitesSequentially(TestNG.java:1256)
at org.testng.TestNG.runSuitesLocally(TestNG.java:1176)
at org.testng.TestNG.runSuites(TestNG.java:1099)
at org.testng.TestNG.run(TestNG.java:1067)
at org.testng.remote.AbstractRemoteTestNG.run(AbstractRemoteTestNG.java:115)
at org.testng.remote.RemoteTestNG.initAndRun(RemoteTestNG.java:251)
at org.testng.remote.RemoteTestNG.main(RemoteTestNG.java:77)
]]>
            </full-stacktrace>
          </exception> <!-- org.openqa.selenium.NoSuchElementException -->
          <reporter-output>
          </reporter-output>
        </test-method> <!-- scrollExample -->
        <test-method is-config="true" signature="tearDown()[pri:0, instance:stewartjumbe.Appium.AppiumBasics@5f8edcc5]" started-at="2022-08-09T17:29:54 BST" name="tearDown" finished-at="2022-08-09T17:29:55 BST" duration-ms="483" status="PASS">
          <reporter-output>
          </reporter-output>
        </test-method> <!-- tearDown -->
      </class> <!-- stewartjumbe.Appium.AppiumBasics -->
    </test> <!-- Default test -->
  </suite> <!-- Default suite -->
</testng-results>
